<?xml version="1.0" encoding="UTF-8"?><testsuite errors="0" failures="0" name="com.testapp.junit.testappinfo.TagsTest" skipped="0" tests="3" time="4.84" timestamp="2018-06-22 10:33:42"><testcase classname="com.testapp.junit.testappinfo.TagsTest" name="This test will provide an error code of 400 when user tries to access an invalid resource"/><testcase classname="com.testapp.junit.testappinfo.TagsTest" name="Provide a 405 status code when incorrect HTTP method is used to access a resource"/><testcase classname="com.testapp.junit.testappinfo.TagsTest" name="This test will verify if a status code of 200 is returned for GET request"/></testsuite>